C51 COMPILER V9.01   LCD                                                                   09/19/2022 09:37:10 PAGE 1   


C51 COMPILER V9.01, COMPILATION OF MODULE LCD
OBJECT MODULE PLACED IN lcd.obj
COMPILER INVOKED BY: C:\Keil_v5\C51\BIN\C51.EXE lcd\lcd.c OPTIMIZE(8,SPEED) BROWSE DEBUG OBJECTEXTEND PRINT(.\lcd.lst) T
                    -ABS(2) OBJECT(lcd.obj)

line level    source

   1          #include "c8051F340.h"
   2          #include <intrins.h>
   3          #include <absacc.h>
   4          #include <main.h>
   5          #include <mmc_sd\mmc_sd.h>
   6          #include <lcd\lcd.h>
   7          unsigned char a,b,c,d;
   8          xdata unsigned int reg_data[20];  
   9          //----------------------------------------------------------------------
  10          
  11          unsigned char SPI_SendData(unsigned char i)
  12          { 
  13   1      #ifdef    SPI_3W
                 unsigned char n;
                
                 for(n=0; n<8; n++)     
                 {  
                  if(i&0x80) SPI_DI=1;
                      else SPI_DI=0;
                    i<<= 1;
              
                  SPI_CLK=0;
                    SPI_CLK=1;      
                 }
              //       return i;  
              #endif 
  27   1         
  28   1      #ifdef    SPI_4W
                    unsigned char ret;
              
                  SPI0DAT = i;
                  while(!SPIF);                      
                  SPIF = 0;
                  ret = SPI0DAT;
              //    return ret;      
              #endif 
  37   1         
  38   1             return i;   
  39   1      }
  40          
  41          void WriteComm(uint8 i)
  42          { 
  43   1        //------------------------------------------------- 
  44   1      #ifdef MCU8bit  
  45   1          RS=0; 
  46   1          CS0=0;
  47   1          RD0=1;
  48   1          WR0=0;  
  49   1          DBL=i;  
  50   1          WR0=1;  
  51   1          CS0=1; 
  52   1        #endif
  53   1      //-------------------------------------------------   
  54   1        #ifdef MCU16bit 
C51 COMPILER V9.01   LCD                                                                   09/19/2022 09:37:10 PAGE 2   

                  RS=0; 
                  CS0=0;
                  RD0=1;
                  WR0=0;  
                  DBH=i>>8;
                  DBL=i;  
                  WR0=1;  
                  CS0=1; 
                #endif
  64   1        
  65   1      //------------------------------------------------- 
  66   1        #ifdef SPI  
              
                    #ifdef SPI_4W
                    SPI_CS=0;
                    SPI_RS=0;
                    #endif
              
                  #ifdef SPI_3W
                    SPI_CS=0;
                    SPI_DI=0; 
                    SPI_CLK=0;
                    SPI_CLK=1;
                    #endif
              
                  SPI_SendData(i);
                  SPI_CS=1;
                
              #endif  
  84   1      //-------------------------------------------------   
  85   1      }
  86          
  87          void WriteData(uint8 i)
  88          {
  89   1      #ifdef MCU8bit    
  90   1          RS=1;   
  91   1          CS0=0;
  92   1          RD0=1;
  93   1          WR0=0;    
  94   1          DBL=i;  
  95   1          WR0=1; 
  96   1          CS0=1; 
  97   1        #endif
  98   1      #ifdef MCU16bit   
                  RS=1;   
                  CS0=0;
                  RD0=1;
                  WR0=0;    
                  DBH=i>>8;
                  DBL=i;  
                  WR0=1; 
                  CS0=1; 
                #endif
 108   1        
 109   1      #ifdef SPI
              
                #ifdef SPI_4W
                  SPI_CS=0;
                  SPI_RS=1;   
                #endif
              
                #ifdef SPI_3W
C51 COMPILER V9.01   LCD                                                                   09/19/2022 09:37:10 PAGE 3   

                  SPI_CS=0;
                  SPI_DI=1;  
                  SPI_CLK=0;
                  SPI_CLK=1;
                #endif
              
                  SPI_SendData(i);
                  SPI_CS=1;
              #endif
 126   1        
 127   1        
 128   1      }
 129          void DispGrayHor16(void)   
 130          {
 131   1          unsigned int i,j,k;
 132   1          BlockWrite(0,COL-1,0,ROW-1);      
 133   1          CS0=0;
 134   1          RD0=1;
 135   1          RS=1;   
 136   1      
 137   1        
 138   1      #ifdef MCU8bit
 139   1      
 140   1        for(i=0;i<ROW;i++)
 141   1        {
 142   2          for(j=0;j<COL%16;j++)
 143   2          {
 144   3            DBL=0;
 145   3            WR0=0;
 146   3            WR0=1;
 147   3          }
 148   2          
 149   2          for(j=0;j<16;j++)
 150   2          {
 151   3                for(k=0;k<COL/16;k++)
 152   3            {   
 153   4              DBL=((j*2)<<3)|((j*4)>>3);  
 154   4              WR0=0;
 155   4              WR0=1;
 156   4                 
 157   4              DBL=((j*4)<<5)|(j*2);
 158   4              WR0=0;
 159   4              WR0=1;
 160   4            } 
 161   3          }
 162   2        }
 163   1      
 164   1      #endif
 165   1      #ifdef MCU16bit
                for(i=0;i<ROW;i++)
                {
                  for(j=0;j<COL%16;j++)
                  {
                    DBH=0;
                    DBL=0;
                    WR0=0;
                    WR0=1;
                  }
                  
                  for(j=0;j<16;j++)
                  {
                        for(k=0;k<COL/16;k++)
C51 COMPILER V9.01   LCD                                                                   09/19/2022 09:37:10 PAGE 4   

                    {   
                      DBH=((j*2)<<3)|((j*4)>>3);     
                      DBL=((j*4)<<5)|(j*2);
                      WR0=0;
                      WR0=1;
                    } 
                  } 
                }
              #endif
 188   1        
 189   1        
 190   1      #ifdef SPI
              //i=0;
                  for(j=0;j<16;j++)
                  {
                        for(k=0;k<COL/16;k++)
                    {   
                      
                             WriteData(((j*2)<<3)|((j*4)>>3));  
              
                            WriteData(((j*4)<<5)|(j*2));     
              
                    } 
                  } 
                  
                ///-------------------------------------------- 
                  for(i=0;i<ROW;i++)
                {
                  for(j=0;j<COL%16;j++)
                  {
              WriteData(0x00);
                    WR0=0;
                    WR0=1;
                  }
                  
                  for(j=0;j<16;j++)
                  {
                        for(k=0;k<COL/16;k++)
                    {   
                    WriteData(((j*2)<<3)|((j*4)>>3));          
                    WriteData(((j*4)<<5)|(j*2));
              
                    } 
                  }
                } 
                  
                  
                  
                  
                #endif  
 229   1      
 230   1        
 231   1        CS0=1;
 232   1      }
 233          
 234          void DispPic(unsigned int code *picture)
 235          {
 236   1          unsigned int *p;
 237   1        unsigned int  i,j; //i-row,j-col
 238   1        unsigned char n,k; //n-row repeat count,k-col repeat count
 239   1      
 240   1        BlockWrite(0,COL-1,0,ROW-1);
C51 COMPILER V9.01   LCD                                                                   09/19/2022 09:37:10 PAGE 5   

 241   1      
 242   1        CS0=0;
 243   1        RS =1;
 244   1        RD0=1;
 245   1      #ifdef MCU8bit
 246   1        for(n=0;n<ROW/PIC_HEIGHT;n++)         //n-row repeat count
 247   1        {
 248   2          for(i=0;i<PIC_HEIGHT;i++)
 249   2          {
 250   3            p=picture;
 251   3            for(k=0;k<COL/PIC_WIDTH;k++) //k-col repeat count
 252   3              {
 253   4              for(j=0;j<PIC_WIDTH;j++)
 254   4                {
 255   5                  DBL=(*(p+i*PIC_HEIGHT+j))>>8; 
 256   5                WR0=0;
 257   5                WR0=1;    
 258   5                DBL=*(p+i*PIC_HEIGHT+j);  
 259   5                WR0=0;
 260   5                WR0=1;
 261   5              }
 262   4      
 263   4              }
 264   3      
 265   3            p=picture;
 266   3            for(j=0;j<COL%PIC_WIDTH;j++)
 267   3              {
 268   4                  DBL=(*(p+i*PIC_HEIGHT+j))>>8; 
 269   4                WR0=0;
 270   4                WR0=1; 
 271   4          
 272   4                DBL=*(p+i*PIC_HEIGHT+j);  
 273   4                WR0=0;
 274   4                WR0=1;
 275   4              }
 276   3          }
 277   2        }
 278   1      
 279   1        for(i=0;i<ROW%PIC_HEIGHT;i++)
 280   1        {
 281   2          p=picture;
 282   2          for(k=0;k<COL/PIC_WIDTH;k++) //k-col repeat count
 283   2            {
 284   3            for(j=0;j<PIC_WIDTH;j++)
 285   3              {
 286   4                DBL=(*(p+i*PIC_HEIGHT+j))>>8; 
 287   4              WR0=0;
 288   4              WR0=1; 
 289   4        
 290   4              DBL=*(p+i*PIC_HEIGHT+j);  
 291   4              WR0=0;
 292   4              WR0=1;
 293   4            }
 294   3      
 295   3            }
 296   2      
 297   2          p=picture;
 298   2          for(j=0;j<COL%PIC_WIDTH;j++)
 299   2            {
 300   3                DBL=(*(p+i*PIC_HEIGHT+j))>>8; 
 301   3              WR0=0;
 302   3              WR0=1; 
C51 COMPILER V9.01   LCD                                                                   09/19/2022 09:37:10 PAGE 6   

 303   3        
 304   3              DBL=*(p+i*PIC_HEIGHT+j);  
 305   3              WR0=0;
 306   3              WR0=1;
 307   3            }
 308   2        }
 309   1      #endif
 310   1      
 311   1      #ifdef MCU16bit
              
                for(n=0;n<ROW/PIC_HEIGHT;n++)         //n-row repeat count
                {
                  for(i=0;i<PIC_HEIGHT;i++)
                  {
                    p=picture;
                    for(k=0;k<COL/PIC_WIDTH;k++) //k-col repeat count
                      {
                      for(j=0;j<PIC_WIDTH;j++)
                        {
                          DBH=(*(p+i*PIC_HEIGHT+j))>>8; 
                        //WR0=0;
                        //WR0=1; 
                  
                        DBL=*(p+i*PIC_HEIGHT+j);  
                        WR0=0;
                        WR0=1;
                      }
              
                      }
              
                    p=picture;
                    for(j=0;j<COL%PIC_WIDTH;j++)
                      {
                          DBH=(*(p+i*PIC_HEIGHT+j))>>8; 
                        //WR0=0;
                        //WR0=1; 
                  
                        DBL=*(p+i*PIC_HEIGHT+j);  
                        WR0=0;
                        WR0=1;
                      }
                  }
                }
              
                for(i=0;i<ROW%PIC_HEIGHT;i++)
                {
                  p=picture;
                  for(k=0;k<COL/PIC_WIDTH;k++) //k-col repeat count
                    {
                    for(j=0;j<PIC_WIDTH;j++)
                      {
                        DBH=(*(p+i*PIC_HEIGHT+j))>>8; 
                      //WR0=0;
                      //WR0=1; 
                
                      DBL=*(p+i*PIC_HEIGHT+j);  
                      WR0=0;
                      WR0=1;
                    }
              
                    }
              
C51 COMPILER V9.01   LCD                                                                   09/19/2022 09:37:10 PAGE 7   

                  p=picture;
                  for(j=0;j<COL%PIC_WIDTH;j++)
                    {
                        DBH=(*(p+i*PIC_HEIGHT+j))>>8; 
                      //WR0=0;
                      //WR0=1; 
                
                      DBL=*(p+i*PIC_HEIGHT+j);  
                      WR0=0;
                      WR0=1;
                    }
                }
              
              #endif
 379   1      #ifdef SPI
                  for(n=0;n<ROW/PIC_HEIGHT;n++)         //n-row repeat count
                {
                  for(i=0;i<PIC_HEIGHT;i++)
                  {
                    p=picture;
                    for(k=0;k<COL/PIC_WIDTH;k++) //k-col repeat count
                      {
                      for(j=0;j<PIC_WIDTH;j++)
                        {
                            WriteData(((*(p+i*PIC_HEIGHT+j))>>8));    
                            WriteData(*(p+i*PIC_HEIGHT+j)); 
                      }
              
                      }
              
                    p=picture;
                    for(j=0;j<COL%PIC_WIDTH;j++)
                      {
                        WriteData(((*(p+i*PIC_HEIGHT+j))>>8));    
                                  WriteData(*(p+i*PIC_HEIGHT+j));
                      }
                  }
                }
              
                for(i=0;i<ROW%PIC_HEIGHT;i++)
                {
                  p=picture;
                  for(k=0;k<COL/PIC_WIDTH;k++) //k-col repeat count
                    {
                    for(j=0;j<PIC_WIDTH;j++)
                      {
                        WriteData(((*(p+i*PIC_HEIGHT+j))>>8));    
                                  WriteData(*(p+i*PIC_HEIGHT+j));
                    }
              
                    }
              
                  p=picture;
                  for(j=0;j<COL%PIC_WIDTH;j++)
                    {
                        WriteData(((*(p+i*PIC_HEIGHT+j))>>8));    
                                  WriteData(*(p+i*PIC_HEIGHT+j));
                    }
                }
                
                #endif
 426   1      
C51 COMPILER V9.01   LCD                                                                   09/19/2022 09:37:10 PAGE 8   

 427   1      
 428   1        CS0=1;
 429   1      }
 430          
 431          void DispScaleVer_Gray(void)
 432          {
 433   1        unsigned int i,j,k;
 434   1        
 435   1        BlockWrite(0,COL-1,0,ROW-1);
 436   1      
 437   1        CS0=0;
 438   1        RD0=1;
 439   1        RS=1;
 440   1      
 441   1      #ifdef MCU8bit
 442   1        for(k=0;k<ROW%32;k++)
 443   1        {
 444   2          for(j=0;j<COL;j++)
 445   2          {
 446   3            DBL=0;
 447   3            WR0=0;
 448   3            WR0=1;
 449   3          }     
 450   2        }
 451   1        
 452   1        for(k=0;k<32;k++)
 453   1        { 
 454   2          for(i=0;i<ROW/32;i++)
 455   2          { 
 456   3            // GRAY                     
 457   3            for(j=0;j<COL;j++)
 458   3            {
 459   4              DBL=((k<<3)|((k*2)>>3));
 460   4              WR0=0;
 461   4              WR0=1;
 462   4      
 463   4              DBL=((k*2)<<5)|k;
 464   4              WR0=0;
 465   4              WR0=1;
 466   4            }
 467   3          }
 468   2        
 469   2        }
 470   1      #endif
 471   1      
 472   1      #ifdef MCU16bit
                for(k=0;k<ROW%32;k++)
                {
                  for(j=0;j<COL;j++)
                  {
                    DBH=0;
                    DBL=0;
                    WR0=0;
                    WR0=1;
              
                  }     
                }
                
                for(k=0;k<32;k++)
                { 
                  for(i=0;i<ROW/32;i++)
                  { 
C51 COMPILER V9.01   LCD                                                                   09/19/2022 09:37:10 PAGE 9   

                    // GRAY                     
                    for(j=0;j<COL;j++)
                    {
                      DBH=(k<<3)|((k*2)>>3);
                      DBL=((k*2)<<5)|k;
                      WR0=0;
                      WR0=1;
                    }
                  }
                
                }
              #endif
 501   1      
 502   1      
 503   1      #ifdef SPI//----------------------------------------------------------------------------------------------
             --------------------------------------------------
                
                  for(k=0;k<32;k++)
                { 
                  for(i=0;i<ROW/32;i++)
                  { 
                    // GRAY                     
                    for(j=0;j<COL;j++)
                    {
                      
                    WriteData((k<<3)|((k*2)>>3));   
                    WriteData(((k*2)<<5)|k);  
              
                    }
                  }
                
                }
                
              #endif
 522   1      
 523   1      
 524   1      
 525   1        CS0=1;
 526   1      }
 527          
 528          void sleep(void)
 529          {
 530   1      WriteComm(0x28);
 531   1      Delay(10);
 532   1      WriteComm(0x10);
 533   1      Delay(10);
 534   1      }
 535          
 536          void BlockWrite(unsigned int Xstart,unsigned int Xend,unsigned int Ystart,unsigned int Yend) reentrant
 537          {
 538   1        WriteComm(0x2a);   
 539   1        WriteData(Xstart>>8);
 540   1        WriteData(Xstart&0xff);
 541   1        WriteData(Xend>>8);
 542   1        WriteData(Xend&0xff);
 543   1      
 544   1        WriteComm(0x2b);   
 545   1        WriteData(Ystart>>8);
 546   1        WriteData(Ystart&0xff);
 547   1        WriteData(Yend>>8);
 548   1        WriteData(Yend&0xff);
 549   1      
C51 COMPILER V9.01   LCD                                                                   09/19/2022 09:37:10 PAGE 10  

 550   1        WriteComm(0x2c);
 551   1      }
 552          
 553          
 554          void DispColor(unsigned int color)
 555          {
 556   1        unsigned int i,j;
 557   1      
 558   1        BlockWrite(0,COL-1,0,ROW-1);
 559   1      
 560   1        CS0=0; 
 561   1        RS=1;
 562   1        RD0=1;
 563   1      #ifdef MCU8bit
 564   1            for(i=0;i<ROW;i++)
 565   1            {
 566   2                for(j=0;j<COL;j++)
 567   2              {    
 568   3                 DBL=color>>8;
 569   3                 WR0=0;  
 570   3                 WR0=1;  
 571   3            
 572   3                 DBL=color;
 573   3                 WR0=0;  
 574   3                 WR0=1;  
 575   3              }
 576   2            }
 577   1      
 578   1      #endif
 579   1      #ifdef MCU16bit
                DBH=color>>8;
                DBL=color; 
              
                for(i=0;i<ROW;i++)
                {
                    for(j=0;j<COL;j++)
                  {    
                    WR0=0;
                    WR0=1;
                  }
                }
              
              #endif
 593   1        
 594   1      #ifdef SPI
                
                for(i=0;i<ROW;i++)
                {
                    for(j=0;j<COL;j++)
                  {    
                     WriteData(color>>8);   
                           WriteData(color);  
                  }
                } 
              #endif  
 605   1      
 606   1        CS0=1; 
 607   1      }
 608          
 609          
 610          
 611          void DispBand(void)  
C51 COMPILER V9.01   LCD                                                                   09/19/2022 09:37:10 PAGE 11  

 612          {
 613   1        unsigned int i,j,k;
 614   1        //unsigned int color[8]={0x001f,0x07e0,0xf800,0x07ff,0xf81f,0xffe0,0x0000,0xffff};
 615   1        unsigned int color[8]={0xf800,0xf800,0x07e0,0x07e0,0x001f,0x001f,0xffff,0xffff};//0x94B2
 616   1        //unsigned int gray16[]={0x0000,0x1082,0x2104,0x3186,0x42,0x08,0x528a,0x630c,0x738e,0x7bcf,0x9492,0xa514,
             -0xb596,0xc618,0xd69a,0xe71c,0xffff};
 617   1      
 618   1          BlockWrite(0,COL-1,0,ROW-1);
 619   1            
 620   1        CS0=0;
 621   1        RD0=1;
 622   1        RS=1;                                                   
 623   1      #ifdef MCU8bit
 624   1        for(i=0;i<8;i++)
 625   1        {
 626   2          for(j=0;j<ROW/8;j++)
 627   2          {
 628   3                for(k=0;k<COL;k++)
 629   3            {
 630   4              DBL=color[i]>>8;      
 631   4              WR0=0;  
 632   4              WR0=1;  
 633   4         
 634   4              DBL=color[i]; 
 635   4              WR0=0;  
 636   4              WR0=1;  
 637   4            } 
 638   3          }
 639   2        }
 640   1        for(j=0;j<ROW%8;j++)
 641   1        {
 642   2              for(k=0;k<COL;k++)
 643   2          {
 644   3            DBL=color[7]>>8;      
 645   3            WR0=0;  
 646   3            WR0=1;  
 647   3      
 648   3            DBL=color[7]; 
 649   3            WR0=0;  
 650   3            WR0=1;  
 651   3          } 
 652   2        }
 653   1        #endif
 654   1        
 655   1        #ifdef MCU16bit
                for(i=0;i<8;i++)
                {
                  for(j=0;j<ROW/8;j++)
                  {
                        for(k=0;k<COL;k++)
                    {
                      DBL=color[i];     
                      DBH=color[i]>>8;  
                      WR0=0;  
                      WR0=1;  
                    } 
                  }
                }
                for(j=0;j<ROW%8;j++)
                {
                      for(k=0;k<COL;k++)
                  {
C51 COMPILER V9.01   LCD                                                                   09/19/2022 09:37:10 PAGE 12  

                    DBL=color[7];     
                    DBH=color[7]>>8;  
                    WR0=0;  
                    WR0=1;  
                  } 
                } 
                
                #endif
 681   1        
 682   1        #ifdef SPI
                
              
                for(i=0;i<8;i++)
                {
                  for(j=0;j<ROW/8;j++)
                  {
                        for(k=0;k<COL;k++)
                    {
              
                     WriteData(color[i]>>8);    
                           WriteData(color[i]);  
                    } 
                  }
                }
                for(j=0;j<ROW%8;j++)
                {
                      for(k=0;k<COL;k++)
                  {
              
                    WriteData(color[7]>>8);   
                           WriteData(color[7]); 
                  } 
                } 
                
                
                #endif
 709   1        
 710   1        
 711   1        CS0=1;
 712   1      }
 713          
 714          void DispFrame(void)
 715          {
 716   1        unsigned int i,j;
 717   1        
 718   1        BlockWrite(0,COL-1,0,ROW-1);
 719   1      
 720   1        CS0=0;
 721   1        RD0=1;
 722   1        RS=1;
 723   1      #ifdef MCU8bit
 724   1        DBL=0xf8;WR0=0;WR0=1;DBL=0x00,WR0=0;WR0=1;
 725   1        for(i=0;i<COL-2;i++){DBL=0xFF;WR0=0;WR0=1;DBL=0xFF;WR0=0;WR0=1;}
 726   1        DBL=0x00;WR0=0;WR0=1;DBL=0x1f;WR0=0;WR0=1;
 727   1      
 728   1        for(j=0;j<ROW-2;j++)
 729   1        {
 730   2          DBL=0xf8;WR0=0;WR0=1;DBL=0x00;WR0=0;WR0=1;
 731   2          for(i=0;i<COL-2;i++){DBL=0x00;WR0=0;WR0=1;DBL=0x00;WR0=0;WR0=1;}
 732   2          DBL=0x00;WR0=0;WR0=1;DBL=0x1F;WR0=0;WR0=1;
 733   2        }
 734   1      
C51 COMPILER V9.01   LCD                                                                   09/19/2022 09:37:10 PAGE 13  

 735   1        DBL=0xf8;WR0=0;WR0=1;DBL=0x00;WR0=0;WR0=1;
 736   1        for(i=0;i<COL-2;i++){DBL=0xFF;WR0=0;WR0=1;DBL=0xFF;WR0=0;WR0=1;}
 737   1        DBL=0x00;WR0=0;WR0=1;DBL=0x1F;WR0=0;WR0=1;
 738   1      #endif
 739   1        
 740   1      #ifdef MCU16bit
                
                  DBH=0xf8,DBL=0x00,WR0=0; WR0=1;
                for(i=0;i<COL-2;i++){DBH=0xFF,DBL=0xFF,WR0=0;WR0=1;}
                DBH=0x00,DBL=0x1f,WR0=0;WR0=1;
              
                for(j=0;j<ROW-2;j++)
                {
                  DBH=0xf8,DBL=0x00,WR0=0;WR0=1;
                  for(i=0;i<COL-2;i++){DBH=0x00,DBL=0x00,WR0=0;WR0=1;}
                  DBH=0x00,DBL=0x1F,WR0=0;WR0=1;
                }
              
                DBH=0xf8,DBL=0x00,WR0=0;WR0=1;
                for(i=0;i<COL-2;i++){DBH=0xFF,DBL=0xFF,WR0=0;WR0=1;}
                DBH=0x00,DBL=0x1F,WR0=0;WR0=1;
                
              #endif
 758   1        
 759   1      #ifdef SPI
                
                WriteData(WHITE>>8);    
                  WriteData(WHITE);
                for(i=0;i<COL-2;i++)
                {
                WriteData(WHITE>>8);    
                  WriteData(WHITE);
                }
                  WriteData(WHITE>>8);    
                  WriteData(WHITE);
              
                for(j=0;j<ROW-2;j++)
                {
                  WriteData(WHITE>>8);    
                      WriteData(WHITE);
                  for(i=0;i<COL-2;i++)
                  {
                  WriteData(BLACK>>8);    
                      WriteData(BLACK);
                  }
                  WriteData(WHITE>>8);    
                      WriteData(WHITE);
              
                }
              
                WriteData(WHITE>>8);    
                  WriteData(WHITE);
                for(i=0;i<COL-2;i++)
                {
                WriteData(WHITE>>8);    
                WriteData(WHITE);
                }
                WriteData(WHITE>>8);    
                  WriteData(WHITE); 
                
              #endif  
 796   1          
C51 COMPILER V9.01   LCD                                                                   09/19/2022 09:37:10 PAGE 14  

 797   1        CS0=1;
 798   1      }
 799          
 800          
 801          
 802          
 803          
 804          
 805          void WriteOneDot(unsigned int color)
 806          { 
 807   1      #ifdef MCU8bit  
 808   1        CS0=0;  
 809   1        RD0=1;
 810   1        RS=1; 
 811   1      
 812   1        DBL=color>>8; 
 813   1        WR0=0;
 814   1        WR0=1;
 815   1      
 816   1        DBL=color;    
 817   1        WR0=0;
 818   1        WR0=1;
 819   1      
 820   1        CS0=1;
 821   1      #endif    
 822   1        
 823   1        #ifdef MCU16bit 
                CS0=0;  
                RD0=1;
                RS=1; 
                DBH=color>>8; 
                DBL=color;    
                WR0=0;
                WR0=1;
                CS0=1;
              #endif  
 833   1      
 834   1      #ifdef SPI_3W 
              
                  SPI_CS=0;
                  SPI_DI=1;  
                  SPI_CLK=0;
                  SPI_CLK=1;
                  SPI_SendData(color>>8);
                  
                  SPI_DI=1;  
                  SPI_CLK=0;
                  SPI_CLK=1;
                  SPI_SendData(color);    
                  SPI_CS=1; 
              #endif  
 848   1      
 849   1      #ifdef SPI_4W 
              
              
                  SPI_CS=0;
                  SPI_RS=1;   
                  SPI_SendData(color>>8);
                  
                  SPI_RS=1;   
                  SPI_SendData(color);    
              
C51 COMPILER V9.01   LCD                                                                   09/19/2022 09:37:10 PAGE 15  

                  SPI_CS=1;
              #endif  
 861   1        
 862   1      }
 863          
 864          unsigned char ToOrd(unsigned char ch)
 865          {
 866   1        if(ch<32)
 867   1        {
 868   2          ch=95;
 869   2        }
 870   1        else if((ch>=32)&&(ch<=47)) //(32~47)空格~/
 871   1        {
 872   2          ch=(ch-32)+10+62;
 873   2        }
 874   1        else if((ch>=48)&&(ch<=57))//(48~57)0~9
 875   1        {
 876   2          ch=ch-48;
 877   2        }
 878   1        else if((ch>=58)&&(ch<=64))//(58~64):~@
 879   1        {
 880   2          ch=(ch-58)+10+62+16;
 881   2        }
 882   1        else if((ch>=65)&&(ch<=126))//(65~126)A~~
 883   1        {
 884   2          ch=(ch-65)+10;
 885   2        }
 886   1        else if(ch>126)
 887   1        {   
 888   2          ch=95;
 889   2        }
 890   1      
 891   1        return ch;
 892   1      }
 893          
 894          void  DispOneChar(unsigned char ord,unsigned int Xstart,unsigned int Ystart,unsigned int TextColor,unsigne
             -d int BackColor)   // ord:0~95
 895          {                           
 896   1         unsigned char i,j;
 897   1         unsigned char  *p;
 898   1         unsigned char dat;
 899   1         unsigned int index;
 900   1      
 901   1         BlockWrite(Xstart,Xstart+(FONT_W-1),Ystart,Ystart+(FONT_H-1));
 902   1      
 903   1         index = ord;
 904   1      
 905   1         if(index>95)    //95:ASCII CHAR NUM
 906   1            index=95;
 907   1      
 908   1         index = index*((FONT_W/8)*FONT_H);  
 909   1      
 910   1         p = ascii;
 911   1         p = p+index;
 912   1      
 913   1         for(i=0;i<(FONT_W/8*FONT_H);i++)
 914   1          {
 915   2             dat=*p++;
 916   2             for(j=0;j<8;j++)
 917   2              {
 918   3                 if((dat<<j)&0x80)
 919   3                   {
C51 COMPILER V9.01   LCD                                                                   09/19/2022 09:37:10 PAGE 16  

 920   4                      WriteOneDot(TextColor);
 921   4                   }      
 922   3                 else 
 923   3                   {
 924   4                      WriteOneDot(BackColor);   
 925   4                   }
 926   3               }
 927   2           }
 928   1      }
 929          
 930          
 931          void DispStr(unsigned char *str,unsigned int Xstart,unsigned int Ystart,unsigned int TextColor,unsigned in
             -t BackColor)
 932          {
 933   1      
 934   1        while(!(*str=='\0'))
 935   1        {
 936   2          DispOneChar(ToOrd(*str++),Xstart,Ystart,TextColor,BackColor);
 937   2      
 938   2          if(Xstart>((COL-1)-FONT_W))
 939   2          {
 940   3            Xstart=0;
 941   3              Ystart=Ystart+FONT_H;
 942   3          }
 943   2          else
 944   2          {
 945   3            Xstart=Xstart+FONT_W;
 946   3          }
 947   2      
 948   2          if(Ystart>((ROW-1)-FONT_H))
 949   2          {
 950   3            Ystart=0;
 951   3          }
 952   2        } 
 953   1        BlockWrite(0,COL-1,0,ROW-1);
 954   1      }
 955          
 956          
 957          void DispInt(unsigned int i,unsigned int Xstart,unsigned int Ystart,unsigned int TextColor,unsigned int Ba
             -ckColor)
 958          {
 959   1        if(Xstart>((COL-1)-FONT_W*4))
 960   1        {
 961   2          Xstart=(COL-1)-FONT_W*4;
 962   2        }
 963   1        if(Ystart>((ROW-1)-FONT_H))
 964   1        {
 965   2          Ystart=(Ystart-1)-FONT_H;
 966   2        }
 967   1            
 968   1      //  DispOneChar((i>>12)%16,Xstart,Ystart,TextColor,BackColor); //ID value
 969   1      //  DispOneChar((i>>8)%16,Xstart+FONT_W,Ystart,TextColor,BackColor);
 970   1        DispOneChar((i>>4)%16,Xstart+FONT_W*2,Ystart,TextColor,BackColor);
 971   1        DispOneChar(i%16,Xstart+FONT_W*3,Ystart,TextColor,BackColor); 
 972   1      
 973   1        BlockWrite(0,COL-1,0,ROW-1);
 974   1      }
 975          
 976          void Disp_ID_Lcd(void)
 977          { 
 978   1          u8 table_V[]="0123456789ABCDEF";   
 979   1          unsigned char i;
C51 COMPILER V9.01   LCD                                                                   09/19/2022 09:37:10 PAGE 17  

 980   1      //    DispStr("READ ID:",15,5,BLUE,BLACK);  
 981   1          for(i=0;i<REG_NUM;i++)
 982   1        {
 983   2            if(i<=6)//小屏只显示7个参数，大于自动忽略
 984   2            {
 985   3                OLED_ShowChar((i*18),6,table_V[((reg_data[i]&0xf0)>>4)]);
 986   3                OLED_ShowChar(((i*18)+8),6,table_V[(reg_data[i]&0x0f)]);
 987   3            }
 988   2          DispInt(reg_data[i],i*20,22,GREEN,BLACK); 
 989   2        } 
 990   1        
 991   1      }
 992          
 993          
 994          void Disp_ID_clr(void)//清除缓存的ID数据
 995          {
 996   1          unsigned char i;
 997   1        for(i=0;i<REG_NUM;i++)
 998   1        {
 999   2          reg_data[i]=0x00;
1000   2        }
1001   1      }
1002          
1003          
1004          unsigned int ReadData(void)
1005          {
1006   1      #ifdef MCU8bit
1007   1        unsigned int temp;
1008   1          DBL = 0xFF; 
1009   1          DBH = 0xff;
1010   1      
1011   1        CS0 = 0;
1012   1        RS  = 1;        
1013   1        WR0 = 1;
1014   1        RD0 = 0;
1015   1      
1016   1        P3MDOUT = 0x00;  //Set Input Mode Before Read 
1017   1        P0MDOUT = 0x00;
1018   1        P0MDIN  |= 0xFF;  
1019   1        P3MDIN  |= 0xFF; 
1020   1        
1021   1        _nop_();  _nop_();_nop_();  _nop_();
1022   1        RD0 = 1;    
1023   1        _nop_();  _nop_();_nop_();  _nop_();
1024   1        
1025   1      
1026   1        temp=DBH;
1027   1         temp<<=8;
1028   1        temp|=DBL;
1029   1      
1030   1        P3MDOUT = 0xFF;
1031   1        P0MDOUT = 0xFF;
1032   1          
1033   1        RD0 = 1;  
1034   1        Delay(1);
1035   1                          
1036   1        CS0 = 1;
1037   1        return temp;
1038   1      #endif  
1039   1        
1040   1      #ifdef MCU16bit
                unsigned int temp;
C51 COMPILER V9.01   LCD                                                                   09/19/2022 09:37:10 PAGE 18  

                  DBL = 0xFF; 
                  DBH = 0xff;
              
                CS0 = 0;
                RS  = 1;        
                WR0 = 1;
                RD0 = 0;
              
                P3MDOUT = 0x00;  //Set Input Mode Before Read 
                P0MDOUT = 0x00;
                P0MDIN  |= 0xFF;  
                P3MDIN  |= 0xFF; 
                
                _nop_();  _nop_();_nop_();  _nop_();
                RD0 = 1;    
                _nop_();  _nop_();_nop_();  _nop_();
                
              
                temp=DBH;
                 temp<<=8;
                temp|=DBL;
              
                P3MDOUT = 0xFF;
                P0MDOUT = 0xFF;
                  
                RD0 = 1;  
                Delay(1);
                                  
                CS0 = 1;
                return temp;
              #endif  
1073   1      
1074   1      
1075   1      #ifdef SPI
              unsigned int i=0,tmp=0;
              P0MDOUT &= ~(1 << 2);     
              P0 |=  (1 << 2); 
              
                  for(i = 0; i < 8; i++)
                {     
                  SPI_CLK=0;
                  SPI_CLK=1;
                  tmp <<= 1;
                  if(SPI_DI) 
                    tmp |= 0x01;
                }
              P0MDOUT |= 0Xff;  
              return tmp;
                
              #endif   
1092   1      
1093   1      }
1094          
1095          
1096          
1097          void DispRegValue(unsigned int RegIndex,unsigned char ParNum)
1098          {
1099   1          unsigned char i;
1100   1      //    xdata unsigned int reg_data[20];  
1101   1        
1102   1      
1103   1      //--------Reset_LCD---------- 
C51 COMPILER V9.01   LCD                                                                   09/19/2022 09:37:10 PAGE 19  

1104   1      //    CS0=0;    
1105   1      //    RST=0;
1106   1      //    Delay(10);
1107   1      //    RST=1;
1108   1      //    Delay(10);
1109   1        
1110   1      //---------PASSWORD----------
1111   1        
1112   1      
1113   1      //--------------------------- 
1114   1      
1115   1        
1116   1      #ifdef MCU
1117   1        WriteComm(RegIndex);  
1118   1      #endif
1119   1      
1120   1      #ifdef  SPI_3W
                  SPI_CS=0;
                  SPI_DI=0; 
                  SPI_CLK=0;
                  SPI_CLK=1;
                  SPI_SendData(RegIndex);
              #endif
1127   1      
1128   1      #ifdef  SPI_4W
                    SPI_CS=0;
                    SPI_RS=0;
                    SPI_SendData(RegIndex);     
                    XBR0 &= ~(1 << 1);            
              #endif
1134   1      
1135   1      
1136   1        if(ParNum>20)
1137   1          ParNum=20;
1138   1      
1139   1        for(i=0;i<ParNum;i++)
1140   1        {
1141   2          reg_data[i]=ReadData();
1142   2        }
1143   1        
1144   1        
1145   1        
1146   1      if(reg_data[0]==0x85)
1147   1      {
1148   2      
1149   2      reg_data[0]=0x77;
1150   2      reg_data[1]=0x89; 
1151   2      } 
1152   1          
1153   1        
1154   1        
1155   1        
1156   1      #ifdef  SPI_4W
                XBR0     |= 0x02; 
              #endif  
1159   1        
1160   1        
1161   1      Disp_ID_Lcd();
1162   1      
1163   1      }
1164          
1165          
C51 COMPILER V9.01   LCD                                                                   09/19/2022 09:37:10 PAGE 20  

1166          void LCD_Init(void)
1167          {
1168   1        
1169   1        int i, j;
1170   1        #ifdef MCU   //SPI RESET
1171   1        CS0=0;  
1172   1        
1173   1        RST=1;  
1174   1        Delay(10);
1175   1      
1176   1        RST=0;
1177   1        Delay(10);
1178   1      
1179   1        RST=1;
1180   1        Delay(20);
1181   1      #endif
1182   1          
1183   1      #ifdef SPI   //SPI RESET
                SPI_CS=0; 
                SPI_RES=1;  
                Delay(10);
                SPI_RES=0;
                Delay(10);
                SPI_RES=1;
                Delay(50);
              #endif
1192   1      
1193   1      //WriteComm(0x11);
1194   1      //Delay(1000);
1195   1      //WriteComm(0x29);
1196   1      //------------------------------------LCD_CODE------------------------------------------------------------
             -------------------------------------------------------------//
1197   1        WriteComm(0xB9); //Set_EXTC
1198   1        WriteData(0xFF);
1199   1        WriteData(0x83);
1200   1        WriteData(0x69);
1201   1        
1202   1        WriteComm(0xB1); //Set Power
1203   1        WriteData(0x01);
1204   1        WriteData(0x00);
1205   1        WriteData(0x34);
1206   1        WriteData(0x07);
1207   1        WriteData(0x00);
1208   1        WriteData(0x01);
1209   1        WriteData(0x0F);
1210   1        WriteData(0x2A);
1211   1        WriteData(0x32);
1212   1        WriteData(0x3F);
1213   1        WriteData(0x3F);
1214   1        WriteData(0x07);
1215   1        WriteData(0x10);
1216   1        WriteData(0x01);
1217   1        WriteData(0xE6);
1218   1        WriteData(0xE6);
1219   1        WriteData(0xE6);
1220   1        WriteData(0xE6);
1221   1        WriteData(0xE6);
1222   1        
1223   1        WriteComm(0xB2); // SET Display 480x800
1224   1        WriteData(0x00);
1225   1        WriteData(0x20);  //0x2b;0x20-MCU;0x29-DPI;RM,DM; RM=0:DPI IF;  RM=1:RGB IF;
1226   1        WriteData(0x03);
C51 COMPILER V9.01   LCD                                                                   09/19/2022 09:37:10 PAGE 21  

1227   1        WriteData(0x03);
1228   1        WriteData(0x70);
1229   1        WriteData(0x00);
1230   1        WriteData(0xFF);
1231   1        WriteData(0x00);
1232   1        WriteData(0x00);
1233   1        WriteData(0x00);
1234   1        WriteData(0x00);
1235   1        WriteData(0x03);
1236   1        WriteData(0x03);
1237   1        WriteData(0x00);
1238   1        WriteData(0x01);
1239   1        
1240   1        WriteComm(0xB4); // SET Display CYC
1241   1        WriteData(0x00);
1242   1        WriteData(0x0C);
1243   1        WriteData(0xA0);
1244   1        WriteData(0x0E);
1245   1        WriteData(0x06);
1246   1        
1247   1        WriteComm(0xB6); // SET VCOM
1248   1        WriteData(0x2C);
1249   1        WriteData(0x2C);
1250   1        
1251   1        WriteComm(0xD5); //SET GIP
1252   1        WriteData(0x00);
1253   1        WriteData(0x05);
1254   1        WriteData(0x03);
1255   1        WriteData(0x00);
1256   1        WriteData(0x01);
1257   1        WriteData(0x09);
1258   1        WriteData(0x10);
1259   1        WriteData(0x80);
1260   1        WriteData(0x37);
1261   1        WriteData(0x37);
1262   1        WriteData(0x20);
1263   1        WriteData(0x31);
1264   1        WriteData(0x46);
1265   1        WriteData(0x8A);
1266   1        WriteData(0x57);
1267   1        WriteData(0x9B);
1268   1        WriteData(0x20);
1269   1        WriteData(0x31);
1270   1        WriteData(0x46);
1271   1        WriteData(0x8A);
1272   1        WriteData(0x57);
1273   1        WriteData(0x9B);
1274   1        WriteData(0x07);
1275   1        WriteData(0x0F);
1276   1        WriteData(0x02);
1277   1        WriteData(0x00);
1278   1        
1279   1        WriteComm(0xE0); //SET GAMMA
1280   1        WriteData(0x00);
1281   1        WriteData(0x08);
1282   1        WriteData(0x0D);
1283   1        WriteData(0x2D);
1284   1        WriteData(0x34);
1285   1        WriteData(0x3F);
1286   1        WriteData(0x19);
1287   1        WriteData(0x38);
1288   1        WriteData(0x09);
C51 COMPILER V9.01   LCD                                                                   09/19/2022 09:37:10 PAGE 22  

1289   1        WriteData(0x0E);
1290   1        WriteData(0x0E);
1291   1        WriteData(0x12);
1292   1        WriteData(0x14);
1293   1        WriteData(0x12);
1294   1        WriteData(0x14);
1295   1        WriteData(0x13);
1296   1        WriteData(0x19);
1297   1        WriteData(0x00);
1298   1        WriteData(0x08);
1299   1        WriteData(0x0D);
1300   1        WriteData(0x2D);
1301   1        WriteData(0x34);
1302   1        WriteData(0x3F);
1303   1        WriteData(0x19);
1304   1        WriteData(0x38);
1305   1        WriteData(0x09);
1306   1        WriteData(0x0E);
1307   1        WriteData(0x0E);
1308   1        WriteData(0x12);
1309   1        WriteData(0x14);
1310   1        WriteData(0x12);
1311   1        WriteData(0x14);
1312   1        WriteData(0x13);
1313   1        WriteData(0x19);
1314   1        
1315   1        WriteComm(0xC1); //set DGC
1316   1        WriteData(0x01); //enable DGC function
1317   1        WriteData(0x02); //SET R-GAMMA
1318   1        WriteData(0x08);
1319   1        WriteData(0x12);
1320   1        WriteData(0x1A);
1321   1        WriteData(0x22);
1322   1        WriteData(0x2A);
1323   1        WriteData(0x31);
1324   1        WriteData(0x36);
1325   1        WriteData(0x3F);
1326   1        WriteData(0x48);
1327   1        WriteData(0x51);
1328   1        WriteData(0x58);
1329   1        WriteData(0x60);
1330   1        WriteData(0x68);
1331   1        WriteData(0x70);
1332   1        WriteData(0x78);
1333   1        WriteData(0x80);
1334   1        WriteData(0x88);
1335   1        WriteData(0x90);
1336   1        WriteData(0x98);
1337   1        WriteData(0xA0);
1338   1        WriteData(0xA7);
1339   1        WriteData(0xAF);
1340   1        WriteData(0xB6);
1341   1        WriteData(0xBE);
1342   1        WriteData(0xC7);
1343   1        WriteData(0xCE);
1344   1        WriteData(0xD6);
1345   1        WriteData(0xDE);
1346   1        WriteData(0xE6);
1347   1        WriteData(0xEF);
1348   1        WriteData(0xF5);
1349   1        WriteData(0xFB);
1350   1        WriteData(0xFC);
C51 COMPILER V9.01   LCD                                                                   09/19/2022 09:37:10 PAGE 23  

1351   1        WriteData(0xFE);
1352   1        WriteData(0x8C);
1353   1        WriteData(0xA4);
1354   1        WriteData(0x19);
1355   1        WriteData(0xEC);
1356   1        WriteData(0x1B);
1357   1        WriteData(0x4C);
1358   1        WriteData(0x40);
1359   1        WriteData(0x02); //SET G-Gamma
1360   1        WriteData(0x08);
1361   1        WriteData(0x12);
1362   1        WriteData(0x1A);
1363   1        WriteData(0x22);
1364   1        WriteData(0x2A);
1365   1        WriteData(0x31);
1366   1        WriteData(0x36);
1367   1        WriteData(0x3F);
1368   1        WriteData(0x48);
1369   1        WriteData(0x51);
1370   1        WriteData(0x58);
1371   1        WriteData(0x60);
1372   1        WriteData(0x68);
1373   1        WriteData(0x70);
1374   1        WriteData(0x78);
1375   1        WriteData(0x80);
1376   1        WriteData(0x88);
1377   1        WriteData(0x90);
1378   1        WriteData(0x98);
1379   1        WriteData(0xA0);
1380   1        WriteData(0xA7);
1381   1        WriteData(0xAF);
1382   1        WriteData(0xB6);
1383   1        WriteData(0xBE);
1384   1        WriteData(0xC7);
1385   1        WriteData(0xCE);
1386   1        WriteData(0xD6);
1387   1        WriteData(0xDE);
1388   1        WriteData(0xE6);
1389   1        WriteData(0xEF);
1390   1        WriteData(0xF5);
1391   1        WriteData(0xFB);
1392   1        WriteData(0xFC);
1393   1        WriteData(0xFE);
1394   1        WriteData(0x8C);
1395   1        WriteData(0xA4);
1396   1        WriteData(0x19);
1397   1        WriteData(0xEC);
1398   1        WriteData(0x1B);
1399   1        WriteData(0x4C);
1400   1        WriteData(0x40);
1401   1        WriteData(0x02); //SET B-Gamma
1402   1        WriteData(0x08);
1403   1        WriteData(0x12);
1404   1        WriteData(0x1A);
1405   1        WriteData(0x22);
1406   1        WriteData(0x2A);
1407   1        WriteData(0x31);
1408   1        WriteData(0x36);
1409   1        WriteData(0x3F);
1410   1        WriteData(0x48);
1411   1        WriteData(0x51);
1412   1        WriteData(0x58);
C51 COMPILER V9.01   LCD                                                                   09/19/2022 09:37:10 PAGE 24  

1413   1        WriteData(0x60);
1414   1        WriteData(0x68);
1415   1        WriteData(0x70);
1416   1        WriteData(0x78);
1417   1        WriteData(0x80);
1418   1        WriteData(0x88);
1419   1        WriteData(0x90);
1420   1        WriteData(0x98);
1421   1        WriteData(0xA0);
1422   1        WriteData(0xA7);
1423   1        WriteData(0xAF);
1424   1        WriteData(0xB6);
1425   1        WriteData(0xBE);
1426   1        WriteData(0xC7);
1427   1        WriteData(0xCE);
1428   1        WriteData(0xD6);
1429   1        WriteData(0xDE);
1430   1        WriteData(0xE6);
1431   1        WriteData(0xEF);
1432   1        WriteData(0xF5);
1433   1        WriteData(0xFB);
1434   1        WriteData(0xFC);
1435   1        WriteData(0xFE);
1436   1        WriteData(0x8C);
1437   1        WriteData(0xA4);
1438   1        WriteData(0x19);
1439   1        WriteData(0xEC);
1440   1        WriteData(0x1B);
1441   1        WriteData(0x4C);
1442   1        WriteData(0x40);
1443   1        
1444   1        
1445   1        WriteComm(0x2D); 
1446   1          for (i=0; i<=63; i++)
1447   1          {
1448   2          WriteData(i*8);   
1449   2          }
1450   1      
1451   1          for (i=0; i<=63; i++)
1452   1          {
1453   2          WriteData(i*4);   
1454   2          }
1455   1      
1456   1          for (i=0; i<=63; i++)
1457   1          {
1458   2          WriteData(i*8);   
1459   2          }
1460   1        
1461   1        WriteComm(0x3A); //Set COLMOD
1462   1        WriteData(0x55);
1463   1      
1464   1        WriteComm(0x11); //Sleep Out
1465   1        Delay(120);
1466   1        WriteComm(0x29); //Display On
1467   1          
1468   1        
1469   1        WriteComm(0x2A); //Partial Display Setting
1470   1        WriteData(0x00); 
1471   1        WriteData(0x00); 
1472   1        WriteData(0x01); 
1473   1        WriteData(0xDF); 
1474   1        
C51 COMPILER V9.01   LCD                                                                   09/19/2022 09:37:10 PAGE 25  

1475   1        WriteComm(0x2B); 
1476   1        WriteData(0x00); 
1477   1        WriteData(0x00); 
1478   1        WriteData(0x03); 
1479   1        WriteData(0x1F); 
1480   1        
1481   1        WriteComm(0x2C);
1482   1      
1483   1      
1484   1      
1485   1      }
*** WARNING C280 IN LINE 1169 OF LCD\LCD.C: 'j': unreferenced local variable
1486          
1487          void Disp_Pro_Name(void)
1488          {
1489   1      
1490   1          OLED_ShowString(0,0,"KM200_TEST      ");
1491   1          OLED_ShowString(0,2,"8369a_lg4.3 ");
1492   1          OLED_ShowString(0,4,"T43-L3   ");
1493   1      }
1494          


MODULE INFORMATION:   STATIC OVERLAYABLE
   CODE SIZE        =   3193    ----
   CONSTANT SIZE    =     73    ----
   XDATA SIZE       =     40    ----
   PDATA SIZE       =   ----    ----
   DATA SIZE        =      4      95
   IDATA SIZE       =   ----    ----
   BIT SIZE         =   ----    ----
END OF MODULE INFORMATION.


C51 COMPILATION COMPLETE.  1 WARNING(S),  0 ERROR(S)
